#
# There is insufficient memory for the Java Runtime Environment to continue.
# Native memory allocation (malloc) failed to allocate 319632 bytes. Error detail: Chunk::new
# Possible reasons:
#   The system is out of physical RAM or swap space
#   This process is running with CompressedOops enabled, and the Java Heap may be blocking the growth of the native heap
# Possible solutions:
#   Reduce memory load on the system
#   Increase physical memory or swap space
#   Check if swap backing store is full
#   Decrease Java heap size (-Xmx/-Xms)
#   Decrease number of Java threads
#   Decrease Java thread stack sizes (-Xss)
#   Set larger code cache with -XX:ReservedCodeCacheSize=
#   JVM is running with Zero Based Compressed Oops mode in which the Java heap is
#     placed in the first 32GB address space. The Java Heap base address is the
#     maximum limit for the native heap growth. Please use -XX:HeapBaseMinAddress
#     to set the Java Heap base and to place the Java Heap above 32GB virtual address.
# This output file may be truncated or incomplete.
#
#  Out of Memory Error (arena.cpp:168), pid=9960, tid=4928
#
# JRE version: OpenJDK Runtime Environment (21.0.3) (build 21.0.3+-12282718-b509.11)
# Java VM: OpenJDK 64-Bit Server VM (21.0.3+-12282718-b509.11, mixed mode, tiered, compressed oops, compressed class ptrs, g1 gc, windows-amd64)
# No core dump will be written. Minidumps are not enabled by default on client versions of Windows
#

---------------  S U M M A R Y ------------

Command Line: -XX:MaxMetaspaceSize=2G -XX:+HeapDumpOnOutOfMemoryError --add-opens=java.base/java.util=ALL-UNNAMED --add-opens=java.base/java.lang=ALL-UNNAMED --add-opens=java.base/java.lang.invoke=ALL-UNNAMED --add-opens=java.prefs/java.util.prefs=ALL-UNNAMED --add-opens=java.base/java.nio.charset=ALL-UNNAMED --add-opens=java.base/java.net=ALL-UNNAMED --add-opens=java.base/java.util.concurrent.atomic=ALL-UNNAMED -Xmx4G -Dfile.encoding=UTF-8 -Duser.country=US -Duser.language=en -Duser.variant -javaagent:C:\Users\Admin\.gradle\wrapper\dists\gradle-8.3-all\6en3ugtfdg5xnpx44z4qbwgas\gradle-8.3\lib\agents\gradle-instrumentation-agent-8.3.jar org.gradle.launcher.daemon.bootstrap.GradleDaemon 8.3

Host: Intel(R) Core(TM) i7-8550U CPU @ 1.80GHz, 8 cores, 15G,  Windows 11 , 64 bit Build 22621 (10.0.22621.4830)
Time: Sun Mar  9 10:54:07 2025 India Standard Time elapsed time: 59.359867 seconds (0d 0h 0m 59s)

---------------  T H R E A D  ---------------

Current thread (0x000001f24a07cbd0):  JavaThread "C2 CompilerThread0" daemon [_thread_in_native, id=4928, stack(0x000000a962300000,0x000000a962400000) (1024K)]


Current CompileTask:
C2:  59360 8284   !   4       java.util.concurrent.locks.AbstractQueuedSynchronizer::acquire (424 bytes)

Stack: [0x000000a962300000,0x000000a962400000]
Native frames: (J=compiled Java code, j=interpreted, Vv=VM code, C=native code)
V  [jvm.dll+0x6cafb9]
V  [jvm.dll+0x858523]
V  [jvm.dll+0x85aa7e]
V  [jvm.dll+0x85b163]
V  [jvm.dll+0x27d356]
V  [jvm.dll+0xbf93d]
V  [jvm.dll+0xbfe73]
V  [jvm.dll+0x3b1ceb]
V  [jvm.dll+0x37e787]
V  [jvm.dll+0x37dbfa]
V  [jvm.dll+0x246b02]
V  [jvm.dll+0x2460d1]
V  [jvm.dll+0x1c5804]
V  [jvm.dll+0x25575c]
V  [jvm.dll+0x253c36]
V  [jvm.dll+0x3ec996]
V  [jvm.dll+0x800d78]
V  [jvm.dll+0x6c98cd]
C  [ucrtbase.dll+0x29333]
C  [KERNEL32.DLL+0x1259d]
C  [ntdll.dll+0x5af38]


---------------  P R O C E S S  ---------------

Threads class SMR info:
_java_thread_list=0x000001f24bb5be80, length=67, elements={
0x000001f229bf5640, 0x000001f24a096280, 0x000001f24a096b50, 0x000001f24a0a0e30,
0x000001f24a0a14a0, 0x000001f24a078dc0, 0x000001f24a079e30, 0x000001f24a07cbd0,
0x000001f24a0b2c60, 0x000001f24a1cebb0, 0x000001f24a3a63f0, 0x000001f24af0edd0,
0x000001f24a293ff0, 0x000001f24bde14f0, 0x000001f24a534400, 0x000001f24af79dd0,
0x000001f24b076bc0, 0x000001f24ad8c290, 0x000001f24c1976f0, 0x000001f24c195620,
0x000001f24c197d80, 0x000001f24c195cb0, 0x000001f24c196340, 0x000001f24c197060,
0x000001f24c194900, 0x000001f24c194f90, 0x000001f24d7f0b30, 0x000001f24d7ef780,
0x000001f24d7ef0f0, 0x000001f24d7f11c0, 0x000001f24d7efe10, 0x000001f24d7f04a0,
0x000001f24d7eea60, 0x000001f24ea15f30, 0x000001f24ea158a0, 0x000001f24ea144f0,
0x000001f24ea165c0, 0x000001f24ea137d0, 0x000001f24ea14b80, 0x000001f25003f8a0,
0x000001f2500433b0, 0x000001f250042000, 0x000001f2500412e0, 0x000001f250042d20,
0x000001f250043a40, 0x000001f2500440d0, 0x000001f250044760, 0x000001f250044df0,
0x000001f2500405c0, 0x000001f250045480, 0x000001f250045b10, 0x000001f2500461a0,
0x000001f250046830, 0x000001f24eee78f0, 0x000001f24eeead70, 0x000001f24eee5820,
0x000001f24eeea050, 0x000001f24eee7f80, 0x000001f24eeec120, 0x000001f24eeea6e0,
0x000001f24eee6540, 0x000001f24eee8610, 0x000001f24eee6bd0, 0x000001f24eee7260,
0x000001f24eee5190, 0x000001f24eee99c0, 0x000001f24eee8ca0
}

Java Threads: ( => current thread )
  0x000001f229bf5640 JavaThread "main"                              [_thread_blocked, id=8800, stack(0x000000a961500000,0x000000a961600000) (1024K)]
  0x000001f24a096280 JavaThread "Reference Handler"          daemon [_thread_blocked, id=7744, stack(0x000000a961d00000,0x000000a961e00000) (1024K)]
  0x000001f24a096b50 JavaThread "Finalizer"                  daemon [_thread_blocked, id=20624, stack(0x000000a961e00000,0x000000a961f00000) (1024K)]
  0x000001f24a0a0e30 JavaThread "Signal Dispatcher"          daemon [_thread_blocked, id=6480, stack(0x000000a961f00000,0x000000a962000000) (1024K)]
  0x000001f24a0a14a0 JavaThread "Attach Listener"            daemon [_thread_blocked, id=22772, stack(0x000000a962000000,0x000000a962100000) (1024K)]
  0x000001f24a078dc0 JavaThread "Service Thread"             daemon [_thread_blocked, id=22200, stack(0x000000a962100000,0x000000a962200000) (1024K)]
  0x000001f24a079e30 JavaThread "Monitor Deflation Thread"   daemon [_thread_blocked, id=5608, stack(0x000000a962200000,0x000000a962300000) (1024K)]
=>0x000001f24a07cbd0 JavaThread "C2 CompilerThread0"         daemon [_thread_in_native, id=4928, stack(0x000000a962300000,0x000000a962400000) (1024K)]
  0x000001f24a0b2c60 JavaThread "C1 CompilerThread0"         daemon [_thread_blocked, id=18204, stack(0x000000a962400000,0x000000a962500000) (1024K)]
  0x000001f24a1cebb0 JavaThread "Common-Cleaner"             daemon [_thread_blocked, id=23456, stack(0x000000a962500000,0x000000a962600000) (1024K)]
  0x000001f24a3a63f0 JavaThread "Notification Thread"        daemon [_thread_blocked, id=4680, stack(0x000000a962600000,0x000000a962700000) (1024K)]
  0x000001f24af0edd0 JavaThread "Daemon health stats"               [_thread_blocked, id=12132, stack(0x000000a962c00000,0x000000a962d00000) (1024K)]
  0x000001f24a293ff0 JavaThread "Incoming local TCP Connector on port 56285"        [_thread_in_native, id=17208, stack(0x000000a962e00000,0x000000a962f00000) (1024K)]
  0x000001f24bde14f0 JavaThread "Daemon periodic checks"            [_thread_blocked, id=19568, stack(0x000000a962f00000,0x000000a963000000) (1024K)]
  0x000001f24a534400 JavaThread "Daemon"                            [_thread_blocked, id=17720, stack(0x000000a963000000,0x000000a963100000) (1024K)]
  0x000001f24af79dd0 JavaThread "Handler for socket connection from /127.0.0.1:56285 to /127.0.0.1:56286"        [_thread_in_native, id=15380, stack(0x000000a963100000,0x000000a963200000) (1024K)]
  0x000001f24b076bc0 JavaThread "Cancel handler"                    [_thread_blocked, id=21468, stack(0x000000a962d00000,0x000000a962e00000) (1024K)]
  0x000001f24ad8c290 JavaThread "Daemon worker"                     [_thread_in_native, id=2160, stack(0x000000a963200000,0x000000a963300000) (1024K)]
  0x000001f24c1976f0 JavaThread "Asynchronous log dispatcher for DefaultDaemonConnection: socket connection from /127.0.0.1:56285 to /127.0.0.1:56286"        [_thread_blocked, id=22096, stack(0x000000a963300000,0x000000a963400000) (1024K)]
  0x000001f24c195620 JavaThread "Stdin handler"                     [_thread_blocked, id=24220, stack(0x000000a963400000,0x000000a963500000) (1024K)]
  0x000001f24c197d80 JavaThread "Daemon client event forwarder"        [_thread_blocked, id=18236, stack(0x000000a963500000,0x000000a963600000) (1024K)]
  0x000001f24c195cb0 JavaThread "Cache worker for journal cache (C:\Users\Admin\.gradle\caches\journal-1)"        [_thread_blocked, id=16972, stack(0x000000a963900000,0x000000a963a00000) (1024K)]
  0x000001f24c196340 JavaThread "File lock request listener"        [_thread_in_native, id=7392, stack(0x000000a963a00000,0x000000a963b00000) (1024K)]
  0x000001f24c197060 JavaThread "Cache worker for file hash cache (C:\Users\Admin\.gradle\caches\8.3\fileHashes)"        [_thread_blocked, id=24176, stack(0x000000a963c00000,0x000000a963d00000) (1024K)]
  0x000001f24c194900 JavaThread "File watcher server"        daemon [_thread_in_native, id=13628, stack(0x000000a963e00000,0x000000a963f00000) (1024K)]
  0x000001f24c194f90 JavaThread "File watcher consumer"      daemon [_thread_blocked, id=23352, stack(0x000000a963f00000,0x000000a964000000) (1024K)]
  0x000001f24d7f0b30 JavaThread "Cache worker for checksums cache (D:\Projects_flutter\android\.gradle\8.3\checksums)"        [_thread_blocked, id=16884, stack(0x000000a964000000,0x000000a964100000) (1024K)]
  0x000001f24d7ef780 JavaThread "Cache worker for file hash cache (D:\Projects_flutter\android\.gradle\8.3\fileHashes)"        [_thread_blocked, id=4604, stack(0x000000a964100000,0x000000a964200000) (1024K)]
  0x000001f24d7ef0f0 JavaThread "Cache worker for cache directory md-supplier (C:\Users\Admin\.gradle\caches\8.3\md-supplier)"        [_thread_blocked, id=8068, stack(0x000000a964200000,0x000000a964300000) (1024K)]
  0x000001f24d7f11c0 JavaThread "Cache worker for file content cache (C:\Users\Admin\.gradle\caches\8.3\fileContent)"        [_thread_blocked, id=13932, stack(0x000000a963d00000,0x000000a963e00000) (1024K)]
  0x000001f24d7efe10 JavaThread "Cache worker for cache directory md-rule (C:\Users\Admin\.gradle\caches\8.3\md-rule)"        [_thread_blocked, id=17160, stack(0x000000a964300000,0x000000a964400000) (1024K)]
  0x000001f24d7f04a0 JavaThread "Cache worker for execution history cache (C:\Users\Admin\.gradle\caches\8.3\executionHistory)"        [_thread_blocked, id=22724, stack(0x000000a963b00000,0x000000a963c00000) (1024K)]
  0x000001f24d7eea60 JavaThread "jar transforms"                    [_thread_blocked, id=13688, stack(0x000000a964600000,0x000000a964700000) (1024K)]
  0x000001f24ea15f30 JavaThread "Cache worker for kotlin-dsl (C:\Users\Admin\.gradle\caches\8.3\kotlin-dsl)"        [_thread_blocked, id=14016, stack(0x000000a964500000,0x000000a964600000) (1024K)]
  0x000001f24ea158a0 JavaThread "jar transforms Thread 2"           [_thread_blocked, id=24012, stack(0x000000a964800000,0x000000a964900000) (1024K)]
  0x000001f24ea144f0 JavaThread "jar transforms Thread 3"           [_thread_blocked, id=6264, stack(0x000000a964900000,0x000000a964a00000) (1024K)]
  0x000001f24ea165c0 JavaThread "Cache worker for dependencies-accessors (D:\Projects_flutter\android\.gradle\8.3\dependencies-accessors)"        [_thread_blocked, id=12080, stack(0x000000a964400000,0x000000a964500000) (1024K)]
  0x000001f24ea137d0 JavaThread "Cache worker for Build Output Cleanup Cache (D:\Flutter\flutter\packages\flutter_tools\gradle\.gradle\buildOutputCleanup)"        [_thread_blocked, id=24088, stack(0x000000a964700000,0x000000a964800000) (1024K)]
  0x000001f24ea14b80 JavaThread "jar transforms Thread 4"           [_thread_blocked, id=16852, stack(0x000000a964b00000,0x000000a964c00000) (1024K)]
  0x000001f25003f8a0 JavaThread "jar transforms Thread 5"           [_thread_blocked, id=20468, stack(0x000000a964c00000,0x000000a964d00000) (1024K)]
  0x000001f2500433b0 JavaThread "Memory manager"                    [_thread_blocked, id=24312, stack(0x000000a964e00000,0x000000a964f00000) (1024K)]
  0x000001f250042000 JavaThread "jar transforms Thread 6"           [_thread_blocked, id=22992, stack(0x000000a964a00000,0x000000a964b00000) (1024K)]
  0x000001f2500412e0 JavaThread "jar transforms Thread 7"           [_thread_blocked, id=20348, stack(0x000000a964d00000,0x000000a964e00000) (1024K)]
  0x000001f250042d20 JavaThread "included builds"                   [_thread_blocked, id=20532, stack(0x000000a965200000,0x000000a965300000) (1024K)]
  0x000001f250043a40 JavaThread "Execution worker"                  [_thread_blocked, id=23608, stack(0x000000a965300000,0x000000a965400000) (1024K)]
  0x000001f2500440d0 JavaThread "Execution worker Thread 2"         [_thread_blocked, id=23948, stack(0x000000a965400000,0x000000a965500000) (1024K)]
  0x000001f250044760 JavaThread "Execution worker Thread 3"         [_thread_blocked, id=22872, stack(0x000000a965500000,0x000000a965600000) (1024K)]
  0x000001f250044df0 JavaThread "Execution worker Thread 4"         [_thread_blocked, id=2868, stack(0x000000a965600000,0x000000a965700000) (1024K)]
  0x000001f2500405c0 JavaThread "Execution worker Thread 5"         [_thread_blocked, id=22952, stack(0x000000a965700000,0x000000a965800000) (1024K)]
  0x000001f250045480 JavaThread "Execution worker Thread 6"         [_thread_blocked, id=8832, stack(0x000000a965800000,0x000000a965900000) (1024K)]
  0x000001f250045b10 JavaThread "Execution worker Thread 7"         [_thread_blocked, id=18460, stack(0x000000a965900000,0x000000a965a00000) (1024K)]
  0x000001f2500461a0 JavaThread "Cache worker for execution history cache (D:\Flutter\flutter\packages\flutter_tools\gradle\.gradle\8.3\executionHistory)"        [_thread_blocked, id=9896, stack(0x000000a965a00000,0x000000a965b00000) (1024K)]
  0x000001f250046830 JavaThread "Unconstrained build operations"        [_thread_blocked, id=12736, stack(0x000000a965000000,0x000000a965100000) (1024K)]
  0x000001f24eee78f0 JavaThread "Unconstrained build operations Thread 2"        [_thread_blocked, id=23700, stack(0x000000a965b00000,0x000000a965c00000) (1024K)]
  0x000001f24eeead70 JavaThread "Unconstrained build operations Thread 3"        [_thread_blocked, id=14500, stack(0x000000a965c00000,0x000000a965d00000) (1024K)]
  0x000001f24eee5820 JavaThread "Unconstrained build operations Thread 4"        [_thread_blocked, id=15620, stack(0x000000a965d00000,0x000000a965e00000) (1024K)]
  0x000001f24eeea050 JavaThread "Unconstrained build operations Thread 5"        [_thread_blocked, id=308, stack(0x000000a965e00000,0x000000a965f00000) (1024K)]
  0x000001f24eee7f80 JavaThread "Unconstrained build operations Thread 6"        [_thread_blocked, id=13464, stack(0x000000a965f00000,0x000000a966000000) (1024K)]
  0x000001f24eeec120 JavaThread "Unconstrained build operations Thread 7"        [_thread_blocked, id=22768, stack(0x000000a966000000,0x000000a966100000) (1024K)]
  0x000001f24eeea6e0 JavaThread "Unconstrained build operations Thread 8"        [_thread_blocked, id=9552, stack(0x000000a964f00000,0x000000a965000000) (1024K)]
  0x000001f24eee6540 JavaThread "Unconstrained build operations Thread 9"        [_thread_blocked, id=23792, stack(0x000000a966100000,0x000000a966200000) (1024K)]
  0x000001f24eee8610 JavaThread "Unconstrained build operations Thread 10"        [_thread_blocked, id=20384, stack(0x000000a966200000,0x000000a966300000) (1024K)]
  0x000001f24eee6bd0 JavaThread "Unconstrained build operations Thread 11"        [_thread_blocked, id=19668, stack(0x000000a966300000,0x000000a966400000) (1024K)]
  0x000001f24eee7260 JavaThread "Unconstrained build operations Thread 12"        [_thread_blocked, id=3076, stack(0x000000a966400000,0x000000a966500000) (1024K)]
  0x000001f24eee5190 JavaThread "Unconstrained build operations Thread 13"        [_thread_blocked, id=20416, stack(0x000000a966500000,0x000000a966600000) (1024K)]
  0x000001f24eee99c0 JavaThread "Unconstrained build operations Thread 14"        [_thread_blocked, id=23952, stack(0x000000a966600000,0x000000a966700000) (1024K)]
  0x000001f24eee8ca0 JavaThread "jar transforms Thread 8"           [_thread_blocked, id=19300, stack(0x000000a966800000,0x000000a966900000) (1024K)]
Total: 67

Other Threads:
  0x000001f24a02c860 VMThread "VM Thread"                           [id=7876, stack(0x000000a961c00000,0x000000a961d00000) (1024K)]
  0x000001f245c8c870 WatcherThread "VM Periodic Task Thread"        [id=21200, stack(0x000000a961b00000,0x000000a961c00000) (1024K)]
  0x000001f22be724b0 WorkerThread "GC Thread#0"                     [id=22448, stack(0x000000a961600000,0x000000a961700000) (1024K)]
  0x000001f24ad7c950 WorkerThread "GC Thread#1"                     [id=2596, stack(0x000000a962700000,0x000000a962800000) (1024K)]
  0x000001f24ad7ccf0 WorkerThread "GC Thread#2"                     [id=17716, stack(0x000000a962800000,0x000000a962900000) (1024K)]
  0x000001f24b07e250 WorkerThread "GC Thread#3"                     [id=14768, stack(0x000000a962900000,0x000000a962a00000) (1024K)]
  0x000001f24ae293a0 WorkerThread "GC Thread#4"                     [id=16872, stack(0x000000a962a00000,0x000000a962b00000) (1024K)]
  0x000001f24ae29ee0 WorkerThread "GC Thread#5"                     [id=15384, stack(0x000000a962b00000,0x000000a962c00000) (1024K)]
  0x000001f24bc62ae0 WorkerThread "GC Thread#6"                     [id=19636, stack(0x000000a963600000,0x000000a963700000) (1024K)]
  0x000001f24c1777c0 WorkerThread "GC Thread#7"                     [id=17068, stack(0x000000a963700000,0x000000a963800000) (1024K)]
  0x000001f22be83600 ConcurrentGCThread "G1 Main Marker"            [id=21684, stack(0x000000a961700000,0x000000a961800000) (1024K)]
  0x000001f22be84100 WorkerThread "G1 Conc#0"                       [id=6832, stack(0x000000a961800000,0x000000a961900000) (1024K)]
  0x000001f24c177b60 WorkerThread "G1 Conc#1"                       [id=24188, stack(0x000000a963800000,0x000000a963900000) (1024K)]
  0x000001f22bece4f0 ConcurrentGCThread "G1 Refine#0"               [id=1948, stack(0x000000a961900000,0x000000a961a00000) (1024K)]
  0x000001f245b4b690 ConcurrentGCThread "G1 Service"                [id=21524, stack(0x000000a961a00000,0x000000a961b00000) (1024K)]
Total: 15

Threads with active compile tasks:
C2 CompilerThread0    59453 8284   !   4       java.util.concurrent.locks.AbstractQueuedSynchronizer::acquire (424 bytes)
Total: 1

VM state: not at safepoint (normal execution)

VM Mutex/Monitor currently owned by a thread: None

Heap address: 0x0000000700000000, size: 4096 MB, Compressed Oops mode: Zero based, Oop shift amount: 3

CDS archive(s) not mapped
Compressed class space mapped at: 0x0000000800000000-0x0000000840000000, reserved size: 1073741824
Narrow klass base: 0x0000000800000000, Narrow klass shift: 0, Narrow klass range: 0x40000000

GC Precious Log:
 CardTable entry size: 512
 Card Set container configuration: InlinePtr #cards 4 size 8 Array Of Cards #cards 16 size 48 Howl #buckets 8 coarsen threshold 3686 Howl Bitmap #cards 512 size 80 coarsen threshold 460 Card regions per heap region 1 cards per card region 4096
 CPUs: 8 total, 8 available
 Memory: 16275M
 Large Page Support: Disabled
 NUMA Support: Disabled
 Compressed Oops: Enabled (Zero based)
 Heap Region Size: 2M
 Heap Min Capacity: 8M
 Heap Initial Capacity: 256M
 Heap Max Capacity: 4G
 Pre-touch: Disabled
 Parallel Workers: 8
 Concurrent Workers: 2
 Concurrent Refinement Workers: 8
 Periodic GC: Disabled

Heap:
 garbage-first heap   total 92160K, used 51607K [0x0000000700000000, 0x0000000800000000)
  region size 2048K, 5 young (10240K), 3 survivors (6144K)
 Metaspace       used 79625K, committed 81408K, reserved 1179648K
  class space    used 11011K, committed 11904K, reserved 1048576K

Heap Regions: E=young(eden), S=young(survivor), O=old, HS=humongous(starts), HC=humongous(continues), CS=collection set, F=free, TAMS=top-at-mark-start, PB=parsable bottom
|   0|0x0000000700000000, 0x0000000700200000, 0x0000000700200000|100%|HS|  |TAMS 0x0000000700000000| PB 0x0000000700000000| Complete 
|   1|0x0000000700200000, 0x0000000700400000, 0x0000000700400000|100%|HC|  |TAMS 0x0000000700200000| PB 0x0000000700200000| Complete 
|   2|0x0000000700400000, 0x0000000700600000, 0x0000000700600000|100%| O|  |TAMS 0x0000000700400000| PB 0x0000000700400000| Untracked 
|   3|0x0000000700600000, 0x0000000700800000, 0x0000000700800000|100%| O|  |TAMS 0x0000000700600000| PB 0x0000000700600000| Untracked 
|   4|0x0000000700800000, 0x00000007009f6258, 0x0000000700a00000| 98%| O|  |TAMS 0x0000000700800000| PB 0x0000000700800000| Untracked 
|   5|0x0000000700a00000, 0x0000000700c00000, 0x0000000700c00000|100%| O|  |TAMS 0x0000000700a00000| PB 0x0000000700a00000| Untracked 
|   6|0x0000000700c00000, 0x0000000700e00000, 0x0000000700e00000|100%| O|  |TAMS 0x0000000700c00000| PB 0x0000000700c00000| Untracked 
|   7|0x0000000700e00000, 0x0000000701000000, 0x0000000701000000|100%| O|  |TAMS 0x0000000700e00000| PB 0x0000000700e00000| Untracked 
|   8|0x0000000701000000, 0x0000000701200000, 0x0000000701200000|100%| O|  |TAMS 0x0000000701000000| PB 0x0000000701000000| Untracked 
|   9|0x0000000701200000, 0x0000000701400000, 0x0000000701400000|100%| O|  |TAMS 0x0000000701200000| PB 0x0000000701200000| Untracked 
|  10|0x0000000701400000, 0x0000000701600000, 0x0000000701600000|100%| O|  |TAMS 0x0000000701400000| PB 0x0000000701400000| Untracked 
|  11|0x0000000701600000, 0x0000000701800000, 0x0000000701800000|100%| O|  |TAMS 0x0000000701600000| PB 0x0000000701600000| Untracked 
|  12|0x0000000701800000, 0x0000000701a00000, 0x0000000701a00000|100%| O|  |TAMS 0x0000000701800000| PB 0x0000000701800000| Untracked 
|  13|0x0000000701a00000, 0x0000000701c00000, 0x0000000701c00000|100%| O|  |TAMS 0x0000000701a00000| PB 0x0000000701a00000| Untracked 
|  14|0x0000000701c00000, 0x0000000701e00000, 0x0000000701e00000|100%| O|  |TAMS 0x0000000701c00000| PB 0x0000000701c00000| Untracked 
|  15|0x0000000701e00000, 0x0000000702000000, 0x0000000702000000|100%| O|  |TAMS 0x0000000701e00000| PB 0x0000000701e00000| Untracked 
|  16|0x0000000702000000, 0x0000000702200000, 0x0000000702200000|100%| O|  |TAMS 0x0000000702000000| PB 0x0000000702000000| Untracked 
|  17|0x0000000702200000, 0x0000000702400000, 0x0000000702400000|100%| O|  |TAMS 0x0000000702200000| PB 0x0000000702200000| Untracked 
|  18|0x0000000702400000, 0x0000000702600000, 0x0000000702600000|100%| O|  |TAMS 0x0000000702400000| PB 0x0000000702400000| Untracked 
|  19|0x0000000702600000, 0x0000000702800000, 0x0000000702800000|100%| O|  |TAMS 0x0000000702600000| PB 0x0000000702600000| Untracked 
|  20|0x0000000702800000, 0x0000000702a00000, 0x0000000702a00000|100%| O|  |TAMS 0x0000000702800000| PB 0x0000000702800000| Untracked 
|  21|0x0000000702a00000, 0x0000000702a6fbb8, 0x0000000702c00000| 21%| O|  |TAMS 0x0000000702a00000| PB 0x0000000702a00000| Untracked 
|  22|0x0000000702c00000, 0x0000000702e00000, 0x0000000702e00000|100%|HS|  |TAMS 0x0000000702c00000| PB 0x0000000702c00000| Complete 
|  23|0x0000000702e00000, 0x0000000702e00000, 0x0000000703000000|  0%| F|  |TAMS 0x0000000702e00000| PB 0x0000000702e00000| Untracked 
|  24|0x0000000703000000, 0x0000000703000000, 0x0000000703200000|  0%| F|  |TAMS 0x0000000703000000| PB 0x0000000703000000| Untracked 
|  25|0x0000000703200000, 0x0000000703200000, 0x0000000703400000|  0%| F|  |TAMS 0x0000000703200000| PB 0x0000000703200000| Untracked 
|  26|0x0000000703400000, 0x0000000703400000, 0x0000000703600000|  0%| F|  |TAMS 0x0000000703400000| PB 0x0000000703400000| Untracked 
|  27|0x0000000703600000, 0x0000000703800000, 0x0000000703800000|100%| S|CS|TAMS 0x0000000703600000| PB 0x0000000703600000| Complete 
|  28|0x0000000703800000, 0x0000000703a00000, 0x0000000703a00000|100%| S|CS|TAMS 0x0000000703800000| PB 0x0000000703800000| Complete 
|  29|0x0000000703a00000, 0x0000000703c00000, 0x0000000703c00000|100%| S|CS|TAMS 0x0000000703a00000| PB 0x0000000703a00000| Complete 
|  30|0x0000000703c00000, 0x0000000703c00000, 0x0000000703e00000|  0%| F|  |TAMS 0x0000000703c00000| PB 0x0000000703c00000| Untracked 
|  31|0x0000000703e00000, 0x0000000703e00000, 0x0000000704000000|  0%| F|  |TAMS 0x0000000703e00000| PB 0x0000000703e00000| Untracked 
|  32|0x0000000704000000, 0x0000000704000000, 0x0000000704200000|  0%| F|  |TAMS 0x0000000704000000| PB 0x0000000704000000| Untracked 
|  33|0x0000000704200000, 0x0000000704200000, 0x0000000704400000|  0%| F|  |TAMS 0x0000000704200000| PB 0x0000000704200000| Untracked 
|  34|0x0000000704400000, 0x0000000704400000, 0x0000000704600000|  0%| F|  |TAMS 0x0000000704400000| PB 0x0000000704400000| Untracked 
|  35|0x0000000704600000, 0x0000000704600000, 0x0000000704800000|  0%| F|  |TAMS 0x0000000704600000| PB 0x0000000704600000| Untracked 
|  36|0x0000000704800000, 0x0000000704800000, 0x0000000704a00000|  0%| F|  |TAMS 0x0000000704800000| PB 0x0000000704800000| Untracked 
|  37|0x0000000704a00000, 0x0000000704a00000, 0x0000000704c00000|  0%| F|  |TAMS 0x0000000704a00000| PB 0x0000000704a00000| Untracked 
|  38|0x0000000704c00000, 0x0000000704c00000, 0x0000000704e00000|  0%| F|  |TAMS 0x0000000704c00000| PB 0x0000000704c00000| Untracked 
| 100|0x000000070c800000, 0x000000070c800000, 0x000000070ca00000|  0%| F|  |TAMS 0x000000070c800000| PB 0x000000070c800000| Untracked 
| 101|0x000000070ca00000, 0x000000070ca00000, 0x000000070cc00000|  0%| F|  |TAMS 0x000000070ca00000| PB 0x000000070ca00000| Untracked 
| 102|0x000000070cc00000, 0x000000070cc00000, 0x000000070ce00000|  0%| F|  |TAMS 0x000000070cc00000| PB 0x000000070cc00000| Untracked 
| 103|0x000000070ce00000, 0x000000070ce00000, 0x000000070d000000|  0%| F|  |TAMS 0x000000070ce00000| PB 0x000000070ce00000| Untracked 
| 104|0x000000070d000000, 0x000000070d0cd788, 0x000000070d200000| 40%| E|  |TAMS 0x000000070d000000| PB 0x000000070d000000| Complete 
| 127|0x000000070fe00000, 0x000000070ffffcc8, 0x0000000710000000| 99%| E|  |TAMS 0x000000070fe00000| PB 0x000000070fe00000| Complete 

Card table byte_map: [0x000001f23ea80000,0x000001f23f280000] _byte_map_base: 0x000001f23b280000

Marking Bits: (CMBitMap*) 0x000001f22be72bb0
 Bits: [0x000001f23f280000, 0x000001f243280000)

Polling page: 0x000001f22b5d0000

Metaspace:

Usage:
  Non-class:     67.01 MB used.
      Class:     10.75 MB used.
       Both:     77.76 MB used.

Virtual space:
  Non-class space:      128.00 MB reserved,      67.88 MB ( 53%) committed,  2 nodes.
      Class space:        1.00 GB reserved,      11.62 MB (  1%) committed,  1 nodes.
             Both:        1.12 GB reserved,      79.50 MB (  7%) committed. 

Chunk freelists:
   Non-Class:  11.28 MB
       Class:  4.40 MB
        Both:  15.69 MB

MaxMetaspaceSize: 2.00 GB
CompressedClassSpaceSize: 1.00 GB
Initial GC threshold: 21.00 MB
Current GC threshold: 132.50 MB
CDS: off
 - commit_granule_bytes: 65536.
 - commit_granule_words: 8192.
 - virtual_space_node_default_size: 8388608.
 - enlarge_chunks_in_place: 1.
 - use_allocation_guard: 0.


Internal statistics:

num_allocs_failed_limit: 9.
num_arena_births: 3346.
num_arena_deaths: 0.
num_vsnodes_births: 3.
num_vsnodes_deaths: 0.
num_space_committed: 1272.
num_space_uncommitted: 0.
num_chunks_returned_to_freelist: 9.
num_chunks_taken_from_freelist: 6365.
num_chunk_merges: 9.
num_chunk_splits: 4159.
num_chunks_enlarged: 2606.
num_inconsistent_stats: 0.

CodeHeap 'non-profiled nmethods': size=120000Kb used=3780Kb max_used=3865Kb free=116219Kb
 bounds [0x000001f236a20000, 0x000001f236df0000, 0x000001f23df50000]
CodeHeap 'profiled nmethods': size=120000Kb used=12784Kb max_used=12975Kb free=107215Kb
 bounds [0x000001f22ef50000, 0x000001f22fc00000, 0x000001f236480000]
CodeHeap 'non-nmethods': size=5760Kb used=2834Kb max_used=2917Kb free=2925Kb
 bounds [0x000001f236480000, 0x000001f236770000, 0x000001f236a20000]
 total_blobs=7931 nmethods=6978 adapters=856
 compilation: enabled
              stopped_count=0, restarted_count=0
 full_count=0

Compilation events (20 events):
Event: 54.942 Thread 0x000001f24a0b2c60 nmethod 8274 0x000001f22f398190 code [0x000001f22f398320, 0x000001f22f398418]
Event: 54.942 Thread 0x000001f24a0b2c60 8275       3       jdk.internal.perf.PerfCounter::getZipFileCount (4 bytes)
Event: 54.942 Thread 0x000001f24a0b2c60 nmethod 8275 0x000001f22ef71a90 code [0x000001f22ef71c20, 0x000001f22ef71d18]
Event: 54.942 Thread 0x000001f24a0b2c60 8276       3       java.util.zip.ZipFile::<init> (144 bytes)
Event: 54.945 Thread 0x000001f24a0b2c60 nmethod 8276 0x000001f22f099590 code [0x000001f22f0998c0, 0x000001f22f09a988]
Event: 54.996 Thread 0x000001f24a07cbd0 8277       4       java.util.Arrays::fill (21 bytes)
Event: 55.000 Thread 0x000001f24a0b2c60 8280       3       java.util.StringTokenizer::scanToken (179 bytes)
Event: 55.003 Thread 0x000001f24a0b2c60 nmethod 8280 0x000001f22f4e8010 code [0x000001f22f4e8320, 0x000001f22f4e95d8]
Event: 55.006 Thread 0x000001f24a07cbd0 nmethod 8277 0x000001f236ca2010 code [0x000001f236ca21a0, 0x000001f236ca2348]
Event: 55.006 Thread 0x000001f24a07cbd0 8278       4       java.util.zip.ZipFile$Source::initCEN (612 bytes)
Event: 55.087 Thread 0x000001f24a0b2c60 8281   !   3       org.gradle.internal.concurrent.AbstractManagedExecutor$1::run (57 bytes)
Event: 55.088 Thread 0x000001f24a0b2c60 nmethod 8281 0x000001f22f01a390 code [0x000001f22f01a5a0, 0x000001f22f01aa88]
Event: 55.352 Thread 0x000001f24a07cbd0 nmethod 8278 0x000001f236d32e10 code [0x000001f236d33240, 0x000001f236d36f98]
Event: 55.352 Thread 0x000001f24a07cbd0 8279       4       java.util.jar.Attributes::getValue (9 bytes)
Event: 55.364 Thread 0x000001f24a07cbd0 nmethod 8279 0x000001f236cea890 code [0x000001f236ceaa60, 0x000001f236ceadf8]
Event: 56.688 Thread 0x000001f24a07cbd0 8282   !   4       java.util.concurrent.locks.LockSupport::parkNanos (56 bytes)
Event: 56.696 Thread 0x000001f24a07cbd0 nmethod 8282 0x000001f236c45f10 code [0x000001f236c460c0, 0x000001f236c46390]
Event: 58.389 Thread 0x000001f24a0b2c60 8283       3       java.util.zip.ZipFile$Source$Key::hashCode (46 bytes)
Event: 58.390 Thread 0x000001f24a0b2c60 nmethod 8283 0x000001f22f586a90 code [0x000001f22f586ca0, 0x000001f22f5871d8]
Event: 59.326 Thread 0x000001f24a07cbd0 8284   !   4       java.util.concurrent.locks.AbstractQueuedSynchronizer::acquire (424 bytes)

GC Heap History (20 events):
Event: 37.500 GC heap before
{Heap before GC invocations=12 (full 0):
 garbage-first heap   total 75776K, used 64936K [0x0000000700000000, 0x0000000800000000)
  region size 2048K, 17 young (34816K), 2 survivors (4096K)
 Metaspace       used 54613K, committed 56064K, reserved 1114112K
  class space    used 7435K, committed 8192K, reserved 1048576K
}
Event: 37.510 GC heap after
{Heap after GC invocations=13 (full 0):
 garbage-first heap   total 75776K, used 35697K [0x0000000700000000, 0x0000000800000000)
  region size 2048K, 2 young (4096K), 2 survivors (4096K)
 Metaspace       used 54613K, committed 56064K, reserved 1114112K
  class space    used 7435K, committed 8192K, reserved 1048576K
}
Event: 38.794 GC heap before
{Heap before GC invocations=13 (full 0):
 garbage-first heap   total 75776K, used 64369K [0x0000000700000000, 0x0000000800000000)
  region size 2048K, 16 young (32768K), 2 survivors (4096K)
 Metaspace       used 58755K, committed 60416K, reserved 1114112K
  class space    used 8073K, committed 8896K, reserved 1048576K
}
Event: 38.807 GC heap after
{Heap after GC invocations=14 (full 0):
 garbage-first heap   total 75776K, used 37281K [0x0000000700000000, 0x0000000800000000)
  region size 2048K, 2 young (4096K), 2 survivors (4096K)
 Metaspace       used 58755K, committed 60416K, reserved 1114112K
  class space    used 8073K, committed 8896K, reserved 1048576K
}
Event: 38.840 GC heap before
{Heap before GC invocations=14 (full 0):
 garbage-first heap   total 75776K, used 37281K [0x0000000700000000, 0x0000000800000000)
  region size 2048K, 3 young (6144K), 2 survivors (4096K)
 Metaspace       used 58814K, committed 60416K, reserved 1114112K
  class space    used 8083K, committed 8896K, reserved 1048576K
}
Event: 38.849 GC heap after
{Heap after GC invocations=15 (full 0):
 garbage-first heap   total 75776K, used 37282K [0x0000000700000000, 0x0000000800000000)
  region size 2048K, 1 young (2048K), 1 survivors (2048K)
 Metaspace       used 58814K, committed 60416K, reserved 1114112K
  class space    used 8083K, committed 8896K, reserved 1048576K
}
Event: 40.277 GC heap before
{Heap before GC invocations=16 (full 0):
 garbage-first heap   total 75776K, used 65954K [0x0000000700000000, 0x0000000800000000)
  region size 2048K, 15 young (30720K), 1 survivors (2048K)
 Metaspace       used 62212K, committed 63872K, reserved 1114112K
  class space    used 8596K, committed 9408K, reserved 1048576K
}
Event: 40.285 GC heap after
{Heap after GC invocations=17 (full 0):
 garbage-first heap   total 75776K, used 38296K [0x0000000700000000, 0x0000000800000000)
  region size 2048K, 2 young (4096K), 2 survivors (4096K)
 Metaspace       used 62212K, committed 63872K, reserved 1114112K
  class space    used 8596K, committed 9408K, reserved 1048576K
}
Event: 41.869 GC heap before
{Heap before GC invocations=17 (full 0):
 garbage-first heap   total 75776K, used 62872K [0x0000000700000000, 0x0000000800000000)
  region size 2048K, 14 young (28672K), 2 survivors (4096K)
 Metaspace       used 65009K, committed 66752K, reserved 1114112K
  class space    used 8935K, committed 9792K, reserved 1048576K
}
Event: 41.880 GC heap after
{Heap after GC invocations=18 (full 0):
 garbage-first heap   total 75776K, used 39551K [0x0000000700000000, 0x0000000800000000)
  region size 2048K, 2 young (4096K), 2 survivors (4096K)
 Metaspace       used 65009K, committed 66752K, reserved 1114112K
  class space    used 8935K, committed 9792K, reserved 1048576K
}
Event: 42.946 GC heap before
{Heap before GC invocations=19 (full 0):
 garbage-first heap   total 75776K, used 62079K [0x0000000700000000, 0x0000000800000000)
  region size 2048K, 13 young (26624K), 2 survivors (4096K)
 Metaspace       used 68516K, committed 70208K, reserved 1114112K
  class space    used 9432K, committed 10240K, reserved 1048576K
}
Event: 42.955 GC heap after
{Heap after GC invocations=20 (full 0):
 garbage-first heap   total 75776K, used 40476K [0x0000000700000000, 0x0000000800000000)
  region size 2048K, 2 young (4096K), 2 survivors (4096K)
 Metaspace       used 68516K, committed 70208K, reserved 1114112K
  class space    used 9432K, committed 10240K, reserved 1048576K
}
Event: 44.345 GC heap before
{Heap before GC invocations=20 (full 0):
 garbage-first heap   total 75776K, used 60956K [0x0000000700000000, 0x0000000800000000)
  region size 2048K, 13 young (26624K), 2 survivors (4096K)
 Metaspace       used 73658K, committed 75328K, reserved 1114112K
  class space    used 10096K, committed 10944K, reserved 1048576K
}
Event: 44.356 GC heap after
{Heap after GC invocations=21 (full 0):
 garbage-first heap   total 75776K, used 42949K [0x0000000700000000, 0x0000000800000000)
  region size 2048K, 2 young (4096K), 2 survivors (4096K)
 Metaspace       used 73658K, committed 75328K, reserved 1114112K
  class space    used 10096K, committed 10944K, reserved 1048576K
}
Event: 45.780 GC heap before
{Heap before GC invocations=22 (full 0):
 garbage-first heap   total 75776K, used 65477K [0x0000000700000000, 0x0000000800000000)
  region size 2048K, 13 young (26624K), 2 survivors (4096K)
 Metaspace       used 76338K, committed 78016K, reserved 1179648K
  class space    used 10517K, committed 11328K, reserved 1048576K
}
Event: 45.794 GC heap after
{Heap after GC invocations=23 (full 0):
 garbage-first heap   total 75776K, used 44598K [0x0000000700000000, 0x0000000800000000)
  region size 2048K, 1 young (2048K), 1 survivors (2048K)
 Metaspace       used 76338K, committed 78016K, reserved 1179648K
  class space    used 10517K, committed 11328K, reserved 1048576K
}
Event: 47.205 GC heap before
{Heap before GC invocations=23 (full 0):
 garbage-first heap   total 75776K, used 65078K [0x0000000700000000, 0x0000000800000000)
  region size 2048K, 11 young (22528K), 1 survivors (2048K)
 Metaspace       used 78709K, committed 80512K, reserved 1179648K
  class space    used 10922K, committed 11840K, reserved 1048576K
}
Event: 47.216 GC heap after
{Heap after GC invocations=24 (full 0):
 garbage-first heap   total 92160K, used 46267K [0x0000000700000000, 0x0000000800000000)
  region size 2048K, 2 young (4096K), 2 survivors (4096K)
 Metaspace       used 78709K, committed 80512K, reserved 1179648K
  class space    used 10922K, committed 11840K, reserved 1048576K
}
Event: 53.725 GC heap before
{Heap before GC invocations=25 (full 0):
 garbage-first heap   total 92160K, used 72891K [0x0000000700000000, 0x0000000800000000)
  region size 2048K, 17 young (34816K), 2 survivors (4096K)
 Metaspace       used 79621K, committed 81408K, reserved 1179648K
  class space    used 11011K, committed 11904K, reserved 1048576K
}
Event: 53.738 GC heap after
{Heap after GC invocations=26 (full 0):
 garbage-first heap   total 92160K, used 49559K [0x0000000700000000, 0x0000000800000000)
  region size 2048K, 3 young (6144K), 3 survivors (6144K)
 Metaspace       used 79621K, committed 81408K, reserved 1179648K
  class space    used 11011K, committed 11904K, reserved 1048576K
}

Dll operation events (3 events):
Event: 0.031 Loaded shared library D:\Android_Studio\jbr\bin\java.dll
Event: 0.047 Loaded shared library D:\Android_Studio\jbr\bin\zip.dll
Event: 1.219 Loaded shared library D:\Android_Studio\jbr\bin\verify.dll

Deoptimization events (20 events):
Event: 52.916 Thread 0x000001f24ad8c290 DEOPT PACKING pc=0x000001f236b7eb94 sp=0x000000a9632fa250
Event: 52.916 Thread 0x000001f24ad8c290 DEOPT UNPACKING pc=0x000001f2364d46a2 sp=0x000000a9632fa218 mode 2
Event: 52.916 Thread 0x000001f24ad8c290 Uncommon trap: trap_request=0xffffffd6 fr.pc=0x000001f236b7eb94 relative=0x00000000000003b4
Event: 52.916 Thread 0x000001f24ad8c290 Uncommon trap: reason=array_check action=maybe_recompile pc=0x000001f236b7eb94 method=com.google.common.collect.ImmutableMap$Builder.put(Ljava/lang/Object;Ljava/lang/Object;)Lcom/google/common/collect/ImmutableMap$Builder; @ 32 c2
Event: 52.916 Thread 0x000001f24ad8c290 DEOPT PACKING pc=0x000001f236b7eb94 sp=0x000000a9632fa250
Event: 52.916 Thread 0x000001f24ad8c290 DEOPT UNPACKING pc=0x000001f2364d46a2 sp=0x000000a9632fa218 mode 2
Event: 53.001 Thread 0x000001f24ad8c290 DEOPT PACKING pc=0x000001f22f832c1e sp=0x000000a9632f9330
Event: 53.001 Thread 0x000001f24ad8c290 DEOPT UNPACKING pc=0x000001f2364d4e42 sp=0x000000a9632f8818 mode 0
Event: 53.009 Thread 0x000001f24ad8c290 DEOPT PACKING pc=0x000001f22f832c1e sp=0x000000a9632f9320
Event: 53.009 Thread 0x000001f24ad8c290 DEOPT UNPACKING pc=0x000001f2364d4e42 sp=0x000000a9632f8808 mode 0
Event: 53.017 Thread 0x000001f24ad8c290 DEOPT PACKING pc=0x000001f22f832c1e sp=0x000000a9632f9320
Event: 53.017 Thread 0x000001f24ad8c290 DEOPT UNPACKING pc=0x000001f2364d4e42 sp=0x000000a9632f8808 mode 0
Event: 54.074 Thread 0x000001f24ad8c290 Uncommon trap: trap_request=0xffffff45 fr.pc=0x000001f236aa9138 relative=0x0000000000001078
Event: 54.074 Thread 0x000001f24ad8c290 Uncommon trap: reason=unstable_if action=reinterpret pc=0x000001f236aa9138 method=java.util.zip.ZipFile.getInputStream(Ljava/util/zip/ZipEntry;)Ljava/io/InputStream; @ 101 c2
Event: 54.074 Thread 0x000001f24ad8c290 DEOPT PACKING pc=0x000001f236aa9138 sp=0x000000a9632f7a60
Event: 54.074 Thread 0x000001f24ad8c290 DEOPT UNPACKING pc=0x000001f2364d46a2 sp=0x000000a9632f7a18 mode 2
Event: 54.996 Thread 0x000001f24ad8c290 DEOPT PACKING pc=0x000001f22f029d5f sp=0x000000a9632f7550
Event: 54.996 Thread 0x000001f24ad8c290 DEOPT UNPACKING pc=0x000001f2364d4e42 sp=0x000000a9632f69d8 mode 0
Event: 54.998 Thread 0x000001f24ad8c290 DEOPT PACKING pc=0x000001f22fbfa28d sp=0x000000a9632f7590
Event: 54.998 Thread 0x000001f24ad8c290 DEOPT UNPACKING pc=0x000001f2364d4e42 sp=0x000000a9632f6b10 mode 0

Classes loaded (20 events):
Event: 46.867 Loading class java/io/ObjectStreamClass$FieldReflectorKey
Event: 46.867 Loading class java/io/ObjectStreamClass$FieldReflectorKey done
Event: 46.867 Loading class java/io/ObjectStreamClass$FieldReflector
Event: 46.868 Loading class java/io/ObjectStreamClass$FieldReflector done
Event: 46.868 Loading class java/io/ObjectStreamClass$1
Event: 46.868 Loading class java/io/ObjectStreamClass$1 done
Event: 46.869 Loading class java/io/ObjectStreamClass$MemberSignature
Event: 46.869 Loading class java/io/ObjectStreamClass$MemberSignature done
Event: 46.869 Loading class java/io/ObjectStreamClass$3
Event: 46.869 Loading class java/io/ObjectStreamClass$3 done
Event: 46.869 Loading class java/io/ObjectStreamClass$4
Event: 46.869 Loading class java/io/ObjectStreamClass$4 done
Event: 46.869 Loading class java/io/ObjectStreamClass$5
Event: 46.870 Loading class java/io/ObjectStreamClass$5 done
Event: 46.870 Loading class java/io/ObjectStreamClass$ClassDataSlot
Event: 46.870 Loading class java/io/ObjectStreamClass$ClassDataSlot done
Event: 47.480 Loading class java/util/concurrent/ConcurrentLinkedQueue$Itr
Event: 47.481 Loading class java/util/concurrent/ConcurrentLinkedQueue$Itr done
Event: 52.278 Loading class java/util/LinkedList$LLSpliterator
Event: 52.278 Loading class java/util/LinkedList$LLSpliterator done

Classes unloaded (0 events):
No events

Classes redefined (0 events):
No events

Internal exceptions (20 events):
Event: 42.622 Thread 0x000001f24ad8c290 Exception <a 'java/lang/NoSuchMethodError'{0x00000007038ebdd0}: 'int java.lang.invoke.DirectMethodHandle$Holder.invokeStaticInit(java.lang.Object)'> (0x00000007038ebdd0) 
thrown [s\src\hotspot\share\interpreter\linkResolver.cpp, line 784]
Event: 42.641 Thread 0x000001f24ad8c290 Exception <a 'java/lang/NoSuchMethodError'{0x0000000703969210}: 'java.lang.Object java.lang.invoke.DirectMethodHandle$Holder.newInvokeSpecial(java.lang.Object, java.lang.Object, java.lang.Object, java.lang.Object, java.lang.Object, int)'> (0x0000000703969210) 
thrown [s\src\hotspot\share\interpreter\linkResolver.cpp, line 784]
Event: 42.642 Thread 0x000001f24ad8c290 Exception <a 'java/lang/NoSuchMethodError'{0x000000070396e318}: 'java.lang.Object java.lang.invoke.DirectMethodHandle$Holder.invokeSpecial(java.lang.Object, java.lang.Object, java.lang.Object, java.lang.Object, java.lang.Object, java.lang.Object, int)'> (0x000000070396e318) 
thrown [s\src\hotspot\share\interpreter\linkResolver.cpp, line 784]
Event: 42.665 Thread 0x000001f24ad8c290 Exception <a 'java/lang/NoSuchMethodError'{0x000000070361bb90}: 'void java.lang.invoke.DirectMethodHandle$Holder.invokeStatic(java.lang.Object, java.lang.Object, java.lang.Object, int, java.lang.Object)'> (0x000000070361bb90) 
thrown [s\src\hotspot\share\interpreter\linkResolver.cpp, line 784]
Event: 42.866 Thread 0x000001f24ad8c290 Exception <a 'sun/nio/fs/WindowsException'{0x00000007035cb878}> (0x00000007035cb878) 
thrown [s\src\hotspot\share\prims\jni.cpp, line 535]
Event: 43.101 Thread 0x000001f24ad8c290 Exception <a 'java/lang/NoSuchMethodError'{0x000000070d0ae5e8}: 'void java.lang.invoke.DirectMethodHandle$Holder.invokeVirtual(java.lang.Object, java.lang.Object)'> (0x000000070d0ae5e8) 
thrown [s\src\hotspot\share\interpreter\linkResolver.cpp, line 784]
Event: 45.416 Thread 0x000001f24ad8c290 Exception <a 'java/lang/NoSuchMethodError'{0x0000000703c62ba0}: 'java.lang.Object java.lang.invoke.DirectMethodHandle$Holder.newInvokeSpecial(java.lang.Object, java.lang.Object, int)'> (0x0000000703c62ba0) 
thrown [s\src\hotspot\share\interpreter\linkResolver.cpp, line 784]
Event: 45.958 Thread 0x000001f24ad8c290 Exception <a 'java/lang/NoSuchMethodError'{0x000000070d1c53b8}: 'int java.lang.invoke.DirectMethodHandle$Holder.invokeInterface(java.lang.Object, java.lang.Object, java.lang.Object, java.lang.Object)'> (0x000000070d1c53b8) 
thrown [s\src\hotspot\share\interpreter\linkResolver.cpp, line 784]
Event: 46.143 Thread 0x000001f24ad8c290 Exception <a 'java/lang/NoSuchMethodError'{0x000000070cd22fd0}: 'java.lang.Object java.lang.invoke.DirectMethodHandle$Holder.newInvokeSpecial(java.lang.Object, java.lang.Object, java.lang.Object, java.lang.Object, java.lang.Object, java.lang.Object, int)'> (0x000000070cd22fd0) 
thrown [s\src\hotspot\share\interpreter\linkResolver.cpp, line 784]
Event: 46.144 Thread 0x000001f24ad8c290 Exception <a 'java/lang/NoSuchMethodError'{0x000000070cd28200}: 'java.lang.Object java.lang.invoke.DirectMethodHandle$Holder.invokeSpecial(java.lang.Object, java.lang.Object, java.lang.Object, java.lang.Object, java.lang.Object, java.lang.Object, java.lang.Object, int)'> (0x000000070cd28200) 
thrown [s\src\hotspot\share\interpreter\linkResolver.cpp, line 784]
Event: 46.144 Thread 0x000001f24ad8c290 Exception <a 'java/lang/NoSuchMethodError'{0x000000070cd2d020}: 'java.lang.Object java.lang.invoke.Invokers$Holder.linkToTargetMethod(java.lang.Object, java.lang.Object, java.lang.Object, java.lang.Object, java.lang.Object, int, java.lang.Object)'> (0x000000070cd2d020) 
thrown [s\src\hotspot\share\interpreter\linkResolver.cpp, line 784]
Event: 46.397 Thread 0x000001f250043a40 Exception <a 'java/lang/NoSuchMethodError'{0x0000000703c88a90}: 'java.lang.Object java.lang.invoke.DirectMethodHandle$Holder.newInvokeSpecial(java.lang.Object, java.lang.Object, java.lang.Object, java.lang.Object, int, java.lang.Object)'> (0x0000000703c88a90) 
thrown [s\src\hotspot\share\interpreter\linkResolver.cpp, line 784]
Event: 46.398 Thread 0x000001f250043a40 Exception <a 'java/lang/NoSuchMethodError'{0x0000000703c8c7f0}: 'java.lang.Object java.lang.invoke.Invokers$Holder.linkToTargetMethod(java.lang.Object, java.lang.Object, java.lang.Object, int, java.lang.Object, java.lang.Object)'> (0x0000000703c8c7f0) 
thrown [s\src\hotspot\share\interpreter\linkResolver.cpp, line 784]
Event: 46.605 Thread 0x000001f250042d20 Exception <a 'sun/nio/fs/WindowsException'{0x0000000703ab01e0}> (0x0000000703ab01e0) 
thrown [s\src\hotspot\share\prims\jni.cpp, line 535]
Event: 46.608 Thread 0x000001f250042d20 Exception <a 'sun/nio/fs/WindowsException'{0x0000000703ab27b0}> (0x0000000703ab27b0) 
thrown [s\src\hotspot\share\prims\jni.cpp, line 535]
Event: 46.610 Thread 0x000001f250042d20 Exception <a 'sun/nio/fs/WindowsException'{0x0000000703ad4458}> (0x0000000703ad4458) 
thrown [s\src\hotspot\share\prims\jni.cpp, line 535]
Event: 46.616 Thread 0x000001f250042d20 Exception <a 'sun/nio/fs/WindowsException'{0x0000000703ad6490}> (0x0000000703ad6490) 
thrown [s\src\hotspot\share\prims\jni.cpp, line 535]
Event: 46.667 Thread 0x000001f250042d20 Exception <a 'java/lang/NoSuchMethodError'{0x0000000703b100b0}: 'int java.lang.invoke.DirectMethodHandle$Holder.invokeSpecial(java.lang.Object, java.lang.Object, java.lang.Object, java.lang.Object, java.lang.Object)'> (0x0000000703b100b0) 
thrown [s\src\hotspot\share\interpreter\linkResolver.cpp, line 784]
Event: 46.705 Thread 0x000001f250043a40 Exception <a 'sun/nio/fs/WindowsException'{0x0000000703ba1ab8}> (0x0000000703ba1ab8) 
thrown [s\src\hotspot\share\prims\jni.cpp, line 535]
Event: 46.869 Thread 0x000001f250043a40 Exception <a 'java/lang/NoSuchMethodError'{0x00000007039fd980}: static Ljava/lang/Object;.<clinit>()V> (0x00000007039fd980) 
thrown [s\src\hotspot\share\prims\jni.cpp, line 1126]

ZGC Phase Switch (0 events):
No events

VM Operations (20 events):
Event: 48.402 Executing VM operation: Cleanup
Event: 48.402 Executing VM operation: Cleanup done
Event: 49.404 Executing VM operation: Cleanup
Event: 49.404 Executing VM operation: Cleanup done
Event: 50.405 Executing VM operation: Cleanup
Event: 50.405 Executing VM operation: Cleanup done
Event: 51.399 Executing VM operation: HandshakeAllThreads (Deoptimize)
Event: 51.399 Executing VM operation: HandshakeAllThreads (Deoptimize) done
Event: 52.400 Executing VM operation: Cleanup
Event: 52.400 Executing VM operation: Cleanup done
Event: 53.401 Executing VM operation: Cleanup
Event: 53.401 Executing VM operation: Cleanup done
Event: 53.724 Executing VM operation: G1TryInitiateConcMark (G1 Humongous Allocation)
Event: 53.738 Executing VM operation: G1TryInitiateConcMark (G1 Humongous Allocation) done
Event: 53.873 Executing VM operation: G1PauseRemark
Event: 53.881 Executing VM operation: G1PauseRemark done
Event: 53.924 Executing VM operation: G1PauseCleanup
Event: 53.924 Executing VM operation: G1PauseCleanup done
Event: 54.925 Executing VM operation: Cleanup
Event: 54.925 Executing VM operation: Cleanup done

Events (20 events):
Event: 53.880 Thread 0x000001f24a02c860 flushing nmethod 0x000001f236cfc890
Event: 53.880 Thread 0x000001f24a02c860 flushing nmethod 0x000001f236d2a510
Event: 53.880 Thread 0x000001f24a02c860 flushing nmethod 0x000001f236d61410
Event: 53.880 Thread 0x000001f24a02c860 flushing nmethod 0x000001f236cea890
Event: 53.880 Thread 0x000001f24a02c860 flushing nmethod 0x000001f236cb7a10
Event: 53.880 Thread 0x000001f24a02c860 flushing nmethod 0x000001f236cf4090
Event: 53.880 Thread 0x000001f24a02c860 flushing nmethod 0x000001f236cd6c90
Event: 53.880 Thread 0x000001f24a02c860 flushing nmethod 0x000001f236cd8910
Event: 53.880 Thread 0x000001f24a02c860 flushing nmethod 0x000001f236c67290
Event: 53.880 Thread 0x000001f24a02c860 flushing nmethod 0x000001f236c65910
Event: 53.880 Thread 0x000001f24a02c860 flushing nmethod 0x000001f236ca1c90
Event: 53.880 Thread 0x000001f24a02c860 flushing nmethod 0x000001f236c51610
Event: 53.880 Thread 0x000001f24a02c860 flushing nmethod 0x000001f236c6b710
Event: 53.880 Thread 0x000001f24a02c860 flushing nmethod 0x000001f236c6ac90
Event: 53.880 Thread 0x000001f24a02c860 flushing nmethod 0x000001f236c45f10
Event: 53.880 Thread 0x000001f24a02c860 flushing nmethod 0x000001f236bbf010
Event: 53.880 Thread 0x000001f24a02c860 flushing nmethod 0x000001f236bb8090
Event: 53.880 Thread 0x000001f24a02c860 flushing nmethod 0x000001f236b4d110
Event: 53.880 Thread 0x000001f24a02c860 flushing nmethod 0x000001f236ad1390
Event: 53.880 Thread 0x000001f24a02c860 flushing nmethod 0x000001f236a9e890


Dynamic libraries:
0x00007ff7aa300000 - 0x00007ff7aa30a000 	D:\Android_Studio\jbr\bin\java.exe
0x00007ffc13510000 - 0x00007ffc13727000 	C:\Windows\SYSTEM32\ntdll.dll
0x00007ffc12890000 - 0x00007ffc12954000 	C:\Windows\System32\KERNEL32.DLL
0x00007ffc108e0000 - 0x00007ffc10cb0000 	C:\Windows\System32\KERNELBASE.dll
0x00007ffc10e20000 - 0x00007ffc10f31000 	C:\Windows\System32\ucrtbase.dll
0x00007ffbfce40000 - 0x00007ffbfce58000 	D:\Android_Studio\jbr\bin\jli.dll
0x00007ffc05010000 - 0x00007ffc0502b000 	D:\Android_Studio\jbr\bin\VCRUNTIME140.dll
0x00007ffc11a50000 - 0x00007ffc11bfe000 	C:\Windows\System32\USER32.dll
0x00007ffbf2460000 - 0x00007ffbf26f2000 	C:\Windows\WinSxS\amd64_microsoft.windows.common-controls_6595b64144ccf1df_6.0.22621.4830_none_270fe7d773858e80\COMCTL32.dll
0x00007ffc10d30000 - 0x00007ffc10d56000 	C:\Windows\System32\win32u.dll
0x00007ffc12960000 - 0x00007ffc12a07000 	C:\Windows\System32\msvcrt.dll
0x00007ffc119a0000 - 0x00007ffc119c9000 	C:\Windows\System32\GDI32.dll
0x00007ffc110e0000 - 0x00007ffc111fb000 	C:\Windows\System32\gdi32full.dll
0x00007ffc107c0000 - 0x00007ffc1085a000 	C:\Windows\System32\msvcp_win.dll
0x00007ffc12170000 - 0x00007ffc121a1000 	C:\Windows\System32\IMM32.DLL
0x00007ffc053f0000 - 0x00007ffc053fc000 	D:\Android_Studio\jbr\bin\vcruntime140_1.dll
0x00007ffbdd2c0000 - 0x00007ffbdd34d000 	D:\Android_Studio\jbr\bin\msvcp140.dll
0x00007ffb96e40000 - 0x00007ffb97abd000 	D:\Android_Studio\jbr\bin\server\jvm.dll
0x00007ffc12750000 - 0x00007ffc12801000 	C:\Windows\System32\ADVAPI32.dll
0x00007ffc124d0000 - 0x00007ffc12577000 	C:\Windows\System32\sechost.dll
0x00007ffc110b0000 - 0x00007ffc110d8000 	C:\Windows\System32\bcrypt.dll
0x00007ffc12050000 - 0x00007ffc12164000 	C:\Windows\System32\RPCRT4.dll
0x00007ffc12810000 - 0x00007ffc12881000 	C:\Windows\System32\WS2_32.dll
0x00007ffc10690000 - 0x00007ffc106dd000 	C:\Windows\SYSTEM32\POWRPROF.dll
0x00007ffc07a00000 - 0x00007ffc07a34000 	C:\Windows\SYSTEM32\WINMM.dll
0x00007ffc06ea0000 - 0x00007ffc06eaa000 	C:\Windows\SYSTEM32\VERSION.dll
0x00007ffc10670000 - 0x00007ffc10683000 	C:\Windows\SYSTEM32\UMPDC.dll
0x00007ffc0f7c0000 - 0x00007ffc0f7d8000 	C:\Windows\SYSTEM32\kernel.appcore.dll
0x00007ffc053e0000 - 0x00007ffc053ea000 	D:\Android_Studio\jbr\bin\jimage.dll
0x00007ffc0a020000 - 0x00007ffc0a252000 	C:\Windows\SYSTEM32\DBGHELP.DLL
0x00007ffc11c60000 - 0x00007ffc11ff0000 	C:\Windows\System32\combase.dll
0x00007ffc132a0000 - 0x00007ffc13377000 	C:\Windows\System32\OLEAUT32.dll
0x00007ffbfa8f0000 - 0x00007ffbfa922000 	C:\Windows\SYSTEM32\dbgcore.DLL
0x00007ffc10cb0000 - 0x00007ffc10d2b000 	C:\Windows\System32\bcryptPrimitives.dll
0x00007ffc05680000 - 0x00007ffc0568e000 	D:\Android_Studio\jbr\bin\instrument.dll
0x00007ffba1060000 - 0x00007ffba107f000 	D:\Android_Studio\jbr\bin\java.dll
0x00007ffb97f80000 - 0x00007ffb97f98000 	D:\Android_Studio\jbr\bin\zip.dll
0x00007ffc12a20000 - 0x00007ffc13298000 	C:\Windows\System32\SHELL32.dll
0x00007ffc0e6c0000 - 0x00007ffc0efd0000 	C:\Windows\SYSTEM32\windows.storage.dll
0x00007ffc0e580000 - 0x00007ffc0e6bf000 	C:\Windows\SYSTEM32\wintypes.dll
0x00007ffc133a0000 - 0x00007ffc134aa000 	C:\Windows\System32\SHCORE.dll
0x00007ffc11c00000 - 0x00007ffc11c5e000 	C:\Windows\System32\shlwapi.dll
0x00007ffc106f0000 - 0x00007ffc1071b000 	C:\Windows\SYSTEM32\profapi.dll
0x00007ffbe1230000 - 0x00007ffbe1240000 	D:\Android_Studio\jbr\bin\net.dll
0x00007ffc05be0000 - 0x00007ffc05d0c000 	C:\Windows\SYSTEM32\WINHTTP.dll
0x00007ffc0fc30000 - 0x00007ffc0fc9a000 	C:\Windows\system32\mswsock.dll
0x00007ffbe2180000 - 0x00007ffbe2196000 	D:\Android_Studio\jbr\bin\nio.dll
0x00007ffbe22e0000 - 0x00007ffbe22f0000 	D:\Android_Studio\jbr\bin\verify.dll
0x00007ffbf8810000 - 0x00007ffbf8837000 	C:\Users\Admin\.gradle\native\68d5fa5c4cc2d200863cafc0d521ce42e7d3e7ee720ec0a83991735586a16f82\windows-amd64\native-platform.dll
0x00007ffb94e20000 - 0x00007ffb94f64000 	C:\Users\Admin\.gradle\native\e376f236ea51e6404a007f0833ffe2c6e607c4080706a723a18a27aeea778392\windows-amd64\native-platform-file-events.dll
0x00007ffb96540000 - 0x00007ffb96549000 	D:\Android_Studio\jbr\bin\management.dll
0x00007ffb96530000 - 0x00007ffb9653b000 	D:\Android_Studio\jbr\bin\management_ext.dll
0x00007ffc12580000 - 0x00007ffc12588000 	C:\Windows\System32\PSAPI.DLL
0x00007ffc0ff80000 - 0x00007ffc0ff9b000 	C:\Windows\SYSTEM32\CRYPTSP.dll
0x00007ffc0f720000 - 0x00007ffc0f755000 	C:\Windows\system32\rsaenh.dll
0x00007ffc0fcd0000 - 0x00007ffc0fcf8000 	C:\Windows\SYSTEM32\USERENV.dll
0x00007ffc0ff60000 - 0x00007ffc0ff6c000 	C:\Windows\SYSTEM32\CRYPTBASE.dll
0x00007ffc0f230000 - 0x00007ffc0f25d000 	C:\Windows\SYSTEM32\IPHLPAPI.DLL
0x00007ffc124c0000 - 0x00007ffc124c9000 	C:\Windows\System32\NSI.dll
0x00007ffb98680000 - 0x00007ffb98689000 	D:\Android_Studio\jbr\bin\extnet.dll
0x00007ffba1ba0000 - 0x00007ffba1ba8000 	C:\Windows\system32\wshunix.dll
0x00007ffc0f2a0000 - 0x00007ffc0f3a2000 	C:\Windows\SYSTEM32\DNSAPI.dll
0x00007ffc00950000 - 0x00007ffc0095a000 	C:\Windows\System32\rasadhlp.dll
0x00007ffc04b90000 - 0x00007ffc04c13000 	C:\Windows\System32\fwpuclnt.dll

dbghelp: loaded successfully - version: 4.0.5 - missing functions: none
symbol engine: initialized successfully - sym options: 0x614 - pdb path: .;D:\Android_Studio\jbr\bin;C:\Windows\SYSTEM32;C:\Windows\WinSxS\amd64_microsoft.windows.common-controls_6595b64144ccf1df_6.0.22621.4830_none_270fe7d773858e80;D:\Android_Studio\jbr\bin\server;C:\Users\Admin\.gradle\native\68d5fa5c4cc2d200863cafc0d521ce42e7d3e7ee720ec0a83991735586a16f82\windows-amd64;C:\Users\Admin\.gradle\native\e376f236ea51e6404a007f0833ffe2c6e607c4080706a723a18a27aeea778392\windows-amd64

VM Arguments:
jvm_args: -XX:MaxMetaspaceSize=2G -XX:+HeapDumpOnOutOfMemoryError --add-opens=java.base/java.util=ALL-UNNAMED --add-opens=java.base/java.lang=ALL-UNNAMED --add-opens=java.base/java.lang.invoke=ALL-UNNAMED --add-opens=java.prefs/java.util.prefs=ALL-UNNAMED --add-opens=java.base/java.nio.charset=ALL-UNNAMED --add-opens=java.base/java.net=ALL-UNNAMED --add-opens=java.base/java.util.concurrent.atomic=ALL-UNNAMED -Xmx4G -Dfile.encoding=UTF-8 -Duser.country=US -Duser.language=en -Duser.variant -javaagent:C:\Users\Admin\.gradle\wrapper\dists\gradle-8.3-all\6en3ugtfdg5xnpx44z4qbwgas\gradle-8.3\lib\agents\gradle-instrumentation-agent-8.3.jar 
java_command: org.gradle.launcher.daemon.bootstrap.GradleDaemon 8.3
java_class_path (initial): C:\Users\Admin\.gradle\wrapper\dists\gradle-8.3-all\6en3ugtfdg5xnpx44z4qbwgas\gradle-8.3\lib\gradle-launcher-8.3.jar
Launcher Type: SUN_STANDARD

[Global flags]
     intx CICompilerCount                          = 4                                         {product} {ergonomic}
     uint ConcGCThreads                            = 2                                         {product} {ergonomic}
     uint G1ConcRefinementThreads                  = 8                                         {product} {ergonomic}
   size_t G1HeapRegionSize                         = 2097152                                   {product} {ergonomic}
    uintx GCDrainStackTargetSize                   = 64                                        {product} {ergonomic}
     bool HeapDumpOnOutOfMemoryError               = true                                   {manageable} {command line}
   size_t InitialHeapSize                          = 268435456                                 {product} {ergonomic}
   size_t MarkStackSize                            = 4194304                                   {product} {ergonomic}
   size_t MaxHeapSize                              = 4294967296                                {product} {command line}
   size_t MaxMetaspaceSize                         = 2147483648                                {product} {command line}
   size_t MaxNewSize                               = 2575302656                                {product} {ergonomic}
   size_t MinHeapDeltaBytes                        = 2097152                                   {product} {ergonomic}
   size_t MinHeapSize                              = 8388608                                   {product} {ergonomic}
    uintx NonNMethodCodeHeapSize                   = 5839372                                {pd product} {ergonomic}
    uintx NonProfiledCodeHeapSize                  = 122909434                              {pd product} {ergonomic}
    uintx ProfiledCodeHeapSize                     = 122909434                              {pd product} {ergonomic}
    uintx ReservedCodeCacheSize                    = 251658240                              {pd product} {ergonomic}
     bool SegmentedCodeCache                       = true                                      {product} {ergonomic}
   size_t SoftMaxHeapSize                          = 4294967296                             {manageable} {ergonomic}
     bool UseCompressedOops                        = true                           {product lp64_product} {ergonomic}
     bool UseG1GC                                  = true                                      {product} {ergonomic}
     bool UseLargePagesIndividualAllocation        = false                                  {pd product} {ergonomic}

Logging:
Log output configuration:
 #0: stdout all=warning uptime,level,tags foldmultilines=false
 #1: stderr all=off uptime,level,tags foldmultilines=false

Environment Variables:
JAVA_HOME=D:\Android_Studio\jbr
CLASSPATH=D:\Projects_flutter\android\\gradle\wrapper\gradle-wrapper.jar
PATH=D:\Android_Studio\jbr\bin;C:\Program Files\OpenLogic\jdk-17.0.14.7-hotspot\bin;C:\Windows\system32;C:\Windows;C:\Windows\System32\Wbem;C:\Windows\System32\WindowsPowerShell\v1.0\;C:\Windows\System32\OpenSSH\;c:\Python27\Scripts;C:\Users\YourUsername\AppData\Local\Programs\Python\Python3x;C:\Users\YourUsername\AppData\Local\Programs\Python\Python3x\Scripts;D:\Git\cmd;C:\Program Files\nodejs\;C:\Users\Admin\AppData\Local\Programs\Python\Python312\Scripts\;C:\Users\Admin\AppData\Local\Programs\Python\Python312\;C:\Users\Admin\AppData\Local\Microsoft\WindowsApps;C:\Users\Admin\AppData\Local\Programs\Microsoft VS Code\bin;C:\Users\Admin\AppData\Local\Programs\MinGW\bin;D:\Flutter\flutter\bin;D:\msys64\ucrt64\bin;C:\Users\Admin\AppData\Roaming\npm;C:\Program Files\nodejs;C:\Program Files\OpenLogic\jdk-17.0.14.7-hotspot\bin;C:\Users\Admin\AppData\Local\Android\Sdk;C:\Users\Admin\AppData\Local\Android\Sdk\emulator;C:\Users\Admin\AppData\Local\Android\Sdk\build-tools;;D:\Flutter\flutter\bin\mingit\cmd
USERNAME=Admin
OS=Windows_NT
PROCESSOR_IDENTIFIER=Intel64 Family 6 Model 142 Stepping 10, GenuineIntel
TMP=C:\Users\Admin\AppData\Local\Temp
TEMP=C:\Users\Admin\AppData\Local\Temp




Periodic native trim disabled

JNI global refs:
JNI global refs: 28, weak refs: 0

JNI global refs memory usage: 835, weak refs: 833

Process memory usage:
Resident Set Size: 293316K (1% of 16665816K total physical memory with 765932K free physical memory)

OOME stack traces (most recent first):
Classloader memory used:
Loader org.gradle.internal.classloader.VisitableURLClassLoader                         : 36351K
Loader bootstrap                                                                       : 29639K
Loader org.gradle.initialization.MixInLegacyTypesClassLoader                           : 12506K
Loader jdk.internal.loader.ClassLoaders$PlatformClassLoader                            : 782K
Loader jdk.internal.loader.ClassLoaders$AppClassLoader                                 : 227K
Loader org.gradle.internal.classloader.VisitableURLClassLoader$InstrumentingVisitableURLClassLoader: 54824B
Loader org.gradle.groovy.scripts.internal.DefaultScriptCompilationHandler$ScriptClassLoader: 41808B
Loader org.codehaus.groovy.runtime.callsite.CallSiteClassLoader                        : 17152B
Loader jdk.internal.reflect.DelegatingClassLoader                                      : 3464B
Loader sun.reflect.misc.MethodUtil                                                     : 2960B

Classes loaded by more than one classloader:
Class Program                                                                         : loaded 3 times (x 69B)
Class org.gradle.internal.classloader.ClassLoaderHierarchy                            : loaded 2 times (x 67B)
Class org.gradle.api.internal.classpath.ManifestUtil                                  : loaded 2 times (x 68B)
Class org.gradle.internal.classloader.DefaultClassLoaderFactory                       : loaded 2 times (x 79B)
Class org.gradle.internal.classloader.ClassLoaderVisitor                              : loaded 2 times (x 73B)
Class org.gradle.api.internal.classpath.EffectiveClassPath                            : loaded 2 times (x 87B)
Class org.gradle.api.internal.DefaultClassPathProvider                                : loaded 2 times (x 73B)
Class [Lorg.gradle.api.internal.ClassPathProvider;                                    : loaded 2 times (x 66B)
Class org.gradle.api.internal.ClassPathProvider                                       : loaded 2 times (x 67B)
Class org.gradle.internal.service.UnknownServiceException                             : loaded 2 times (x 80B)
Class org.gradle.internal.classpath.TransformedClassPath                              : loaded 2 times (x 93B)
Class org.gradle.internal.service.ServiceLocator                                      : loaded 2 times (x 67B)
Class org.gradle.internal.InternalTransformer                                         : loaded 2 times (x 67B)
Class org.gradle.internal.classloader.ClasspathUtil$1                                 : loaded 2 times (x 73B)
Class org.gradle.api.internal.classpath.DefaultModuleRegistry$DefaultModule           : loaded 2 times (x 83B)
Class org.gradle.api.internal.classpath.Module                                        : loaded 2 times (x 67B)
Class org.gradle.api.internal.classpath.UnknownModuleException                        : loaded 2 times (x 79B)
Class org.gradle.cache.GlobalCache                                                    : loaded 2 times (x 67B)
Class org.gradle.api.internal.DefaultClassPathRegistry                                : loaded 2 times (x 73B)
Class org.gradle.api.internal.ClassPathRegistry                                       : loaded 2 times (x 67B)
Class org.gradle.internal.classpath.DefaultClassPath$ImmutableUniqueList              : loaded 2 times (x 196B)
Class org.gradle.internal.classloader.FilteringClassLoader                            : loaded 2 times (x 102B)
Class org.gradle.internal.classpath.ClassPath                                         : loaded 2 times (x 67B)
Class org.gradle.api.UncheckedIOException                                             : loaded 2 times (x 79B)
Class org.gradle.internal.installation.GradleInstallation$1                           : loaded 2 times (x 72B)
Class org.gradle.api.internal.classpath.ModuleRegistry                                : loaded 2 times (x 67B)
Class org.gradle.api.internal.classpath.DefaultModuleRegistry                         : loaded 2 times (x 83B)
Class org.gradle.internal.service.ServiceLookupException                              : loaded 2 times (x 79B)
Class org.gradle.internal.classloader.ClassLoaderFactory                              : loaded 2 times (x 67B)
Class org.gradle.internal.service.CachingServiceLocator                               : loaded 2 times (x 79B)
Class org.gradle.internal.classloader.ClasspathUtil                                   : loaded 2 times (x 68B)
Class org.gradle.api.specs.Spec                                                       : loaded 2 times (x 67B)
Class Build_gradle$1                                                                  : loaded 2 times (x 71B)
Class org.gradle.internal.classloader.VisitableURLClassLoader$InstrumentingVisitableURLClassLoader: loaded 2 times (x 120B)
Class org.gradle.internal.classloader.VisitableURLClassLoader$Spec                    : loaded 2 times (x 71B)
Class org.gradle.internal.classpath.DefaultClassPath                                  : loaded 2 times (x 87B)
Class org.gradle.internal.classloader.ClassLoaderSpec                                 : loaded 2 times (x 68B)
Class org.gradle.internal.classloader.VisitableURLClassLoader                         : loaded 2 times (x 114B)
Class org.gradle.internal.Cast                                                        : loaded 2 times (x 68B)
Class org.gradle.api.Action                                                           : loaded 2 times (x 67B)
Class org.gradle.internal.agents.InstrumentingClassLoader                             : loaded 2 times (x 67B)
Class org.gradle.internal.classpath.DefaultClassPath$ImmutableUniqueList$Builder      : loaded 2 times (x 72B)
Class org.gradle.api.GradleException                                                  : loaded 2 times (x 79B)
Class org.gradle.internal.IoActions                                                   : loaded 2 times (x 68B)
Class org.gradle.internal.classloader.SystemClassLoaderSpec                           : loaded 2 times (x 68B)
Class Build_gradle                                                                    : loaded 2 times (x 127B)
Class org.gradle.internal.installation.CurrentGradleInstallationLocator               : loaded 2 times (x 68B)
Class org.gradle.internal.service.DefaultServiceLocator                               : loaded 2 times (x 80B)
Class org.gradle.internal.installation.CurrentGradleInstallation                      : loaded 2 times (x 70B)
Class org.gradle.util.internal.GUtil                                                  : loaded 2 times (x 68B)
Class org.gradle.internal.installation.GradleInstallation                             : loaded 2 times (x 72B)

---------------  S Y S T E M  ---------------

OS:
 Windows 11 , 64 bit Build 22621 (10.0.22621.4830)
OS uptime: 1 days 2:12 hours
Hyper-V role detected

CPU: total 8 (initial active 8) (4 cores per cpu, 2 threads per core) family 6 model 142 stepping 10 microcode 0xf0, cx8, cmov, fxsr, ht, mmx, 3dnowpref, sse, sse2, sse3, ssse3, sse4.1, sse4.2, popcnt, lzcnt, tsc, tscinvbit, avx, avx2, aes, erms, clmul, bmi1, bmi2, adx, fma, vzeroupper, clflush, clflushopt, hv, rdtscp, f16c
Processor Information for all 8 processors :
  Max Mhz: 1992, Current Mhz: 1195, Mhz Limit: 1792

Memory: 4k page, system-wide physical 16275M (748M free)
TotalPageFile size 21209M (AvailPageFile size 3M)
current process WorkingSet (physical memory assigned to process): 287M, peak: 303M
current process commit charge ("private bytes"): 321M, peak: 386M

vm_info: OpenJDK 64-Bit Server VM (21.0.3+-12282718-b509.11) for windows-amd64 JRE (21.0.3+-12282718-b509.11), built on 2024-08-27T17:34:15Z by "builder" with MS VC++ 16.10 / 16.11 (VS2019)

END.
